mode: set
github.com/ultramozg/golang-blog-engine/middleware/middleware.go:23.26,26.3 2 0
github.com/ultramozg/golang-blog-engine/middleware/middleware.go:29.55,30.71 1 0
github.com/ultramozg/golang-blog-engine/middleware/middleware.go:30.71,31.52 1 0
github.com/ultramozg/golang-blog-engine/middleware/middleware.go:31.52,33.4 1 0
github.com/ultramozg/golang-blog-engine/middleware/middleware.go:33.9,35.4 1 0
github.com/ultramozg/golang-blog-engine/middleware/middleware.go:36.3,36.20 1 0
github.com/ultramozg/golang-blog-engine/middleware/middleware.go:40.58,41.71 1 0
github.com/ultramozg/golang-blog-engine/middleware/middleware.go:41.71,44.3 2 0
github.com/ultramozg/golang-blog-engine/middleware/middleware.go:47.54,50.2 2 0
github.com/ultramozg/golang-blog-engine/middleware/middleware.go:52.58,54.2 1 0
github.com/ultramozg/golang-blog-engine/middleware/middleware.go:56.50,57.71 1 0
github.com/ultramozg/golang-blog-engine/middleware/middleware.go:57.71,58.65 1 0
github.com/ultramozg/golang-blog-engine/middleware/middleware.go:58.65,61.4 2 0
github.com/ultramozg/golang-blog-engine/middleware/middleware.go:63.3,70.69 6 0
github.com/ultramozg/golang-blog-engine/middleware/middleware.go:75.57,76.71 1 0
github.com/ultramozg/golang-blog-engine/middleware/middleware.go:76.71,78.3 1 0
github.com/ultramozg/golang-blog-engine/middleware/middleware.go:86.77,88.2 1 0
github.com/ultramozg/golang-blog-engine/middleware/middleware.go:91.55,94.2 2 0
github.com/ultramozg/golang-blog-engine/middleware/middleware.go:96.49,97.71 1 0
github.com/ultramozg/golang-blog-engine/middleware/middleware.go:97.71,102.17 4 0
github.com/ultramozg/golang-blog-engine/middleware/middleware.go:102.17,104.4 1 0
github.com/ultramozg/golang-blog-engine/middleware/middleware.go:109.73,110.43 1 0
github.com/ultramozg/golang-blog-engine/middleware/middleware.go:110.43,111.72 1 0
github.com/ultramozg/golang-blog-engine/middleware/middleware.go:111.72,113.50 1 0
github.com/ultramozg/golang-blog-engine/middleware/middleware.go:113.50,115.20 2 0
github.com/ultramozg/golang-blog-engine/middleware/middleware.go:115.20,117.20 2 0
github.com/ultramozg/golang-blog-engine/middleware/middleware.go:117.20,121.35 3 0
github.com/ultramozg/golang-blog-engine/middleware/middleware.go:121.35,124.31 2 0
github.com/ultramozg/golang-blog-engine/middleware/middleware.go:124.31,136.9 5 0
github.com/ultramozg/golang-blog-engine/middleware/middleware.go:143.4,143.21 1 0
github.com/ultramozg/golang-blog-engine/middleware/middleware.go:149.39,154.39 2 1
github.com/ultramozg/golang-blog-engine/middleware/middleware.go:154.39,156.3 1 1
github.com/ultramozg/golang-blog-engine/middleware/middleware.go:159.2,159.39 1 1
github.com/ultramozg/golang-blog-engine/middleware/middleware.go:159.39,161.3 1 1
github.com/ultramozg/golang-blog-engine/middleware/middleware.go:164.2,164.97 1 1
github.com/ultramozg/golang-blog-engine/middleware/middleware.go:164.97,166.3 1 0
github.com/ultramozg/golang-blog-engine/middleware/middleware.go:168.2,168.13 1 1
github.com/ultramozg/golang-blog-engine/session/session.go:25.32,29.2 1 1
github.com/ultramozg/golang-blog-engine/session/session.go:31.51,33.29 2 1
github.com/ultramozg/golang-blog-engine/session/session.go:33.29,35.3 1 1
github.com/ultramozg/golang-blog-engine/session/session.go:37.2,40.57 3 1
github.com/ultramozg/golang-blog-engine/session/session.go:40.57,42.3 1 1
github.com/ultramozg/golang-blog-engine/session/session.go:43.2,43.14 1 1
github.com/ultramozg/golang-blog-engine/session/session.go:46.54,48.29 2 1
github.com/ultramozg/golang-blog-engine/session/session.go:48.29,50.3 1 1
github.com/ultramozg/golang-blog-engine/session/session.go:52.2,55.38 3 1
github.com/ultramozg/golang-blog-engine/session/session.go:55.38,57.3 1 1
github.com/ultramozg/golang-blog-engine/session/session.go:58.2,58.14 1 1
github.com/ultramozg/golang-blog-engine/session/session.go:61.62,73.2 6 1
github.com/ultramozg/golang-blog-engine/session/session.go:75.61,86.2 5 1
github.com/ultramozg/golang-blog-engine/session/session.go:89.69,95.2 4 1
github.com/ultramozg/golang-blog-engine/session/session.go:98.31,103.2 3 1
github.com/ultramozg/golang-blog-engine/services/file.go:23.54,30.16 4 1
github.com/ultramozg/golang-blog-engine/services/file.go:30.16,32.3 1 0
github.com/ultramozg/golang-blog-engine/services/file.go:34.2,35.16 2 1
github.com/ultramozg/golang-blog-engine/services/file.go:35.16,37.3 1 0
github.com/ultramozg/golang-blog-engine/services/file.go:40.2,41.16 2 1
github.com/ultramozg/golang-blog-engine/services/file.go:41.16,43.3 1 0
github.com/ultramozg/golang-blog-engine/services/file.go:46.2,46.37 1 1
github.com/ultramozg/golang-blog-engine/services/file.go:46.37,48.3 1 0
github.com/ultramozg/golang-blog-engine/services/file.go:50.2,50.12 1 1
github.com/ultramozg/golang-blog-engine/services/file.go:74.82,80.2 1 1
github.com/ultramozg/golang-blog-engine/services/file.go:83.60,85.56 1 1
github.com/ultramozg/golang-blog-engine/services/file.go:85.56,87.3 1 0
github.com/ultramozg/golang-blog-engine/services/file.go:90.2,91.52 2 1
github.com/ultramozg/golang-blog-engine/services/file.go:91.52,93.3 1 0
github.com/ultramozg/golang-blog-engine/services/file.go:96.2,101.56 4 1
github.com/ultramozg/golang-blog-engine/services/file.go:101.56,103.3 1 0
github.com/ultramozg/golang-blog-engine/services/file.go:106.2,107.53 2 1
github.com/ultramozg/golang-blog-engine/services/file.go:107.53,109.3 1 0
github.com/ultramozg/golang-blog-engine/services/file.go:112.2,113.57 2 1
github.com/ultramozg/golang-blog-engine/services/file.go:113.57,115.3 1 0
github.com/ultramozg/golang-blog-engine/services/file.go:117.2,117.12 1 1
github.com/ultramozg/golang-blog-engine/services/file.go:121.111,123.34 1 1
github.com/ultramozg/golang-blog-engine/services/file.go:123.34,125.3 1 1
github.com/ultramozg/golang-blog-engine/services/file.go:128.2,128.62 1 1
github.com/ultramozg/golang-blog-engine/services/file.go:128.62,130.3 1 1
github.com/ultramozg/golang-blog-engine/services/file.go:133.2,147.13 7 1
github.com/ultramozg/golang-blog-engine/services/file.go:147.13,149.3 1 1
github.com/ultramozg/golang-blog-engine/services/file.go:149.8,151.3 1 1
github.com/ultramozg/golang-blog-engine/services/file.go:153.2,156.53 2 1
github.com/ultramozg/golang-blog-engine/services/file.go:156.53,158.3 1 0
github.com/ultramozg/golang-blog-engine/services/file.go:161.2,165.61 3 1
github.com/ultramozg/golang-blog-engine/services/file.go:165.61,167.3 1 0
github.com/ultramozg/golang-blog-engine/services/file.go:170.2,171.16 2 1
github.com/ultramozg/golang-blog-engine/services/file.go:171.16,173.3 1 0
github.com/ultramozg/golang-blog-engine/services/file.go:174.2,178.16 3 1
github.com/ultramozg/golang-blog-engine/services/file.go:178.16,180.57 1 0
github.com/ultramozg/golang-blog-engine/services/file.go:180.57,182.4 1 0
github.com/ultramozg/golang-blog-engine/services/file.go:183.3,183.65 1 0
github.com/ultramozg/golang-blog-engine/services/file.go:187.2,199.13 2 1
github.com/ultramozg/golang-blog-engine/services/file.go:199.13,200.53 1 1
github.com/ultramozg/golang-blog-engine/services/file.go:200.53,202.58 1 0
github.com/ultramozg/golang-blog-engine/services/file.go:202.58,204.5 1 0
github.com/ultramozg/golang-blog-engine/services/file.go:205.4,205.62 1 0
github.com/ultramozg/golang-blog-engine/services/file.go:209.2,209.53 1 1
github.com/ultramozg/golang-blog-engine/services/file.go:209.53,211.57 1 0
github.com/ultramozg/golang-blog-engine/services/file.go:211.57,213.4 1 0
github.com/ultramozg/golang-blog-engine/services/file.go:214.3,214.38 1 0
github.com/ultramozg/golang-blog-engine/services/file.go:214.38,215.104 1 0
github.com/ultramozg/golang-blog-engine/services/file.go:215.104,217.5 1 0
github.com/ultramozg/golang-blog-engine/services/file.go:219.3,219.64 1 0
github.com/ultramozg/golang-blog-engine/services/file.go:222.2,222.24 1 1
github.com/ultramozg/golang-blog-engine/services/file.go:226.74,228.50 2 1
github.com/ultramozg/golang-blog-engine/services/file.go:228.50,230.3 1 1
github.com/ultramozg/golang-blog-engine/services/file.go:231.2,231.18 1 1
github.com/ultramozg/golang-blog-engine/services/file.go:235.62,238.16 2 1
github.com/ultramozg/golang-blog-engine/services/file.go:238.16,240.3 1 0
github.com/ultramozg/golang-blog-engine/services/file.go:243.2,244.67 2 1
github.com/ultramozg/golang-blog-engine/services/file.go:244.67,246.3 1 0
github.com/ultramozg/golang-blog-engine/services/file.go:249.2,249.60 1 1
github.com/ultramozg/golang-blog-engine/services/file.go:249.60,251.73 2 1
github.com/ultramozg/golang-blog-engine/services/file.go:251.73,254.4 1 0
github.com/ultramozg/golang-blog-engine/services/file.go:258.2,258.47 1 1
github.com/ultramozg/golang-blog-engine/services/file.go:258.47,260.3 1 0
github.com/ultramozg/golang-blog-engine/services/file.go:262.2,262.12 1 1
github.com/ultramozg/golang-blog-engine/services/file.go:266.79,268.2 1 1
github.com/ultramozg/golang-blog-engine/services/file.go:271.73,273.16 2 1
github.com/ultramozg/golang-blog-engine/services/file.go:273.16,275.3 1 0
github.com/ultramozg/golang-blog-engine/services/file.go:276.2,276.52 1 1
github.com/ultramozg/golang-blog-engine/services/file.go:280.89,284.15 3 1
github.com/ultramozg/golang-blog-engine/services/file.go:284.15,286.3 1 0
github.com/ultramozg/golang-blog-engine/services/file.go:287.2,287.23 1 1
github.com/ultramozg/golang-blog-engine/services/file.go:291.68,324.20 2 1
github.com/ultramozg/golang-blog-engine/services/file.go:324.20,326.3 1 0
github.com/ultramozg/golang-blog-engine/services/file.go:328.2,328.31 1 1
github.com/ultramozg/golang-blog-engine/services/file.go:332.62,343.2 2 1
github.com/ultramozg/golang-blog-engine/services/file.go:346.71,347.42 1 1
github.com/ultramozg/golang-blog-engine/services/file.go:347.42,349.3 1 0
github.com/ultramozg/golang-blog-engine/services/file.go:352.2,355.61 2 1
github.com/ultramozg/golang-blog-engine/services/file.go:355.61,357.3 1 0
github.com/ultramozg/golang-blog-engine/services/file.go:360.2,361.16 2 1
github.com/ultramozg/golang-blog-engine/services/file.go:361.16,363.3 1 0
github.com/ultramozg/golang-blog-engine/services/file.go:364.2,368.16 3 1
github.com/ultramozg/golang-blog-engine/services/file.go:368.16,370.3 1 0
github.com/ultramozg/golang-blog-engine/services/file.go:373.2,383.57 7 1
github.com/ultramozg/golang-blog-engine/services/file.go:383.57,385.3 1 0
github.com/ultramozg/golang-blog-engine/services/file.go:387.2,387.12 1 1
github.com/ultramozg/golang-blog-engine/services/file.go:391.76,392.25 1 1
github.com/ultramozg/golang-blog-engine/services/file.go:392.25,394.3 1 0
github.com/ultramozg/golang-blog-engine/services/file.go:397.2,400.61 2 1
github.com/ultramozg/golang-blog-engine/services/file.go:400.61,402.3 1 0
github.com/ultramozg/golang-blog-engine/services/file.go:405.2,406.16 2 1
github.com/ultramozg/golang-blog-engine/services/file.go:406.16,408.3 1 0
github.com/ultramozg/golang-blog-engine/services/file.go:409.2,413.16 3 1
github.com/ultramozg/golang-blog-engine/services/file.go:413.16,415.3 1 0
github.com/ultramozg/golang-blog-engine/services/file.go:418.2,425.20 6 1
github.com/ultramozg/golang-blog-engine/services/file.go:425.20,428.3 2 0
github.com/ultramozg/golang-blog-engine/services/file.go:428.8,431.3 2 1
github.com/ultramozg/golang-blog-engine/services/file.go:434.2,437.33 2 1
github.com/ultramozg/golang-blog-engine/services/file.go:437.33,438.33 1 1
github.com/ultramozg/golang-blog-engine/services/file.go:438.33,442.4 3 1
github.com/ultramozg/golang-blog-engine/services/file.go:446.2,451.24 4 1
github.com/ultramozg/golang-blog-engine/services/file.go:451.24,453.3 1 0
github.com/ultramozg/golang-blog-engine/services/file.go:455.2,461.56 5 1
github.com/ultramozg/golang-blog-engine/services/file.go:461.56,463.3 1 0
github.com/ultramozg/golang-blog-engine/services/file.go:466.2,466.70 1 1
github.com/ultramozg/golang-blog-engine/services/file.go:466.70,468.3 1 0
github.com/ultramozg/golang-blog-engine/services/file.go:471.2,472.16 2 1
github.com/ultramozg/golang-blog-engine/services/file.go:472.16,474.3 1 0
github.com/ultramozg/golang-blog-engine/services/file.go:475.2,478.16 2 1
github.com/ultramozg/golang-blog-engine/services/file.go:479.21,480.74 1 0
github.com/ultramozg/golang-blog-engine/services/file.go:481.13,482.45 1 1
github.com/ultramozg/golang-blog-engine/services/file.go:483.10,485.74 1 0
github.com/ultramozg/golang-blog-engine/services/file.go:488.2,488.16 1 1
github.com/ultramozg/golang-blog-engine/services/file.go:488.16,490.3 1 0
github.com/ultramozg/golang-blog-engine/services/file.go:493.2,495.12 2 1
github.com/ultramozg/golang-blog-engine/services/seo.go:33.59,38.2 1 1
github.com/ultramozg/golang-blog-engine/services/seo.go:41.75,49.165 4 1
github.com/ultramozg/golang-blog-engine/services/seo.go:49.165,51.3 1 0
github.com/ultramozg/golang-blog-engine/services/seo.go:51.8,53.3 1 1
github.com/ultramozg/golang-blog-engine/services/seo.go:55.2,55.138 1 1
github.com/ultramozg/golang-blog-engine/services/seo.go:55.138,57.68 2 1
github.com/ultramozg/golang-blog-engine/services/seo.go:57.68,58.24 1 1
github.com/ultramozg/golang-blog-engine/services/seo.go:58.24,60.5 1 0
github.com/ultramozg/golang-blog-engine/services/seo.go:60.10,62.5 1 1
github.com/ultramozg/golang-blog-engine/services/seo.go:65.2,69.25 3 1
github.com/ultramozg/golang-blog-engine/services/seo.go:69.25,71.3 1 0
github.com/ultramozg/golang-blog-engine/services/seo.go:71.8,73.3 1 1
github.com/ultramozg/golang-blog-engine/services/seo.go:74.2,74.20 1 1
github.com/ultramozg/golang-blog-engine/services/seo.go:74.20,76.3 1 1
github.com/ultramozg/golang-blog-engine/services/seo.go:79.2,85.26 3 1
github.com/ultramozg/golang-blog-engine/services/seo.go:85.26,87.3 1 1
github.com/ultramozg/golang-blog-engine/services/seo.go:90.2,90.26 1 1
github.com/ultramozg/golang-blog-engine/services/seo.go:90.26,92.3 1 1
github.com/ultramozg/golang-blog-engine/services/seo.go:94.2,94.13 1 1
github.com/ultramozg/golang-blog-engine/services/seo.go:98.70,117.26 2 1
github.com/ultramozg/golang-blog-engine/services/seo.go:117.26,119.3 1 1
github.com/ultramozg/golang-blog-engine/services/seo.go:120.2,120.26 1 1
github.com/ultramozg/golang-blog-engine/services/seo.go:120.26,122.3 1 1
github.com/ultramozg/golang-blog-engine/services/seo.go:125.2,132.21 3 1
github.com/ultramozg/golang-blog-engine/services/seo.go:132.21,133.23 1 1
github.com/ultramozg/golang-blog-engine/services/seo.go:133.23,135.4 1 1
github.com/ultramozg/golang-blog-engine/services/seo.go:135.9,137.4 1 1
github.com/ultramozg/golang-blog-engine/services/seo.go:140.2,141.16 2 1
github.com/ultramozg/golang-blog-engine/services/seo.go:141.16,143.3 1 0
github.com/ultramozg/golang-blog-engine/services/seo.go:145.2,145.25 1 1
github.com/ultramozg/golang-blog-engine/services/seo.go:149.80,159.26 7 1
github.com/ultramozg/golang-blog-engine/services/seo.go:159.26,161.3 1 1
github.com/ultramozg/golang-blog-engine/services/seo.go:162.2,162.26 1 1
github.com/ultramozg/golang-blog-engine/services/seo.go:162.26,164.3 1 1
github.com/ultramozg/golang-blog-engine/services/seo.go:165.2,169.21 3 1
github.com/ultramozg/golang-blog-engine/services/seo.go:169.21,172.3 2 1
github.com/ultramozg/golang-blog-engine/services/seo.go:175.2,178.21 4 1
github.com/ultramozg/golang-blog-engine/services/seo.go:178.21,180.3 1 1
github.com/ultramozg/golang-blog-engine/services/seo.go:182.2,182.13 1 1
github.com/ultramozg/golang-blog-engine/services/seo.go:186.75,197.52 8 1
github.com/ultramozg/golang-blog-engine/services/seo.go:197.52,199.3 1 0
github.com/ultramozg/golang-blog-engine/services/seo.go:200.2,200.38 1 1
github.com/ultramozg/golang-blog-engine/services/seo.go:200.38,202.3 1 1
github.com/ultramozg/golang-blog-engine/services/seo.go:203.2,209.29 5 1
github.com/ultramozg/golang-blog-engine/services/seo.go:209.29,210.22 1 1
github.com/ultramozg/golang-blog-engine/services/seo.go:210.22,211.12 1 1
github.com/ultramozg/golang-blog-engine/services/seo.go:214.3,219.27 4 1
github.com/ultramozg/golang-blog-engine/services/seo.go:219.27,221.4 1 1
github.com/ultramozg/golang-blog-engine/services/seo.go:221.9,221.34 1 1
github.com/ultramozg/golang-blog-engine/services/seo.go:221.34,223.4 1 1
github.com/ultramozg/golang-blog-engine/services/seo.go:223.9,223.29 1 0
github.com/ultramozg/golang-blog-engine/services/seo.go:223.29,225.4 1 0
github.com/ultramozg/golang-blog-engine/services/seo.go:227.3,227.24 1 1
github.com/ultramozg/golang-blog-engine/services/seo.go:227.24,229.4 1 1
github.com/ultramozg/golang-blog-engine/services/seo.go:231.3,233.36 3 1
github.com/ultramozg/golang-blog-engine/services/seo.go:236.2,238.38 2 1
github.com/ultramozg/golang-blog-engine/services/seo.go:242.49,264.58 18 1
github.com/ultramozg/golang-blog-engine/services/seo.go:264.58,266.3 1 0
github.com/ultramozg/golang-blog-engine/services/seo.go:268.2,268.41 1 1
github.com/ultramozg/golang-blog-engine/services/seo.go:268.41,270.3 1 1
github.com/ultramozg/golang-blog-engine/services/seo.go:271.2,273.24 2 1
github.com/ultramozg/golang-blog-engine/services/seo.go:277.63,279.52 2 1
github.com/ultramozg/golang-blog-engine/services/seo.go:279.52,281.3 1 0
github.com/ultramozg/golang-blog-engine/services/seo.go:283.2,283.21 1 1
github.com/ultramozg/golang-blog-engine/services/seo.go:283.21,285.3 1 1
github.com/ultramozg/golang-blog-engine/services/seo.go:287.2,287.55 1 1
github.com/ultramozg/golang-blog-engine/services/seo.go:291.66,292.165 1 1
github.com/ultramozg/golang-blog-engine/services/seo.go:292.165,294.3 1 0
github.com/ultramozg/golang-blog-engine/services/seo.go:295.2,296.138 2 1
github.com/ultramozg/golang-blog-engine/services/seo.go:296.138,297.23 1 1
github.com/ultramozg/golang-blog-engine/services/seo.go:297.23,299.4 1 1
github.com/ultramozg/golang-blog-engine/services/seo.go:299.9,301.4 1 0
github.com/ultramozg/golang-blog-engine/services/seo.go:303.2,303.20 1 1
github.com/ultramozg/golang-blog-engine/services/seo.go:307.64,322.25 8 1
github.com/ultramozg/golang-blog-engine/services/seo.go:322.25,324.3 1 1
github.com/ultramozg/golang-blog-engine/services/seo.go:327.2,327.26 1 1
github.com/ultramozg/golang-blog-engine/services/seo.go:327.26,331.22 3 1
github.com/ultramozg/golang-blog-engine/services/seo.go:331.22,333.4 1 1
github.com/ultramozg/golang-blog-engine/services/seo.go:333.9,335.4 1 0
github.com/ultramozg/golang-blog-engine/services/seo.go:338.2,338.18 1 1
github.com/ultramozg/golang-blog-engine/services/seo.go:342.68,348.34 3 1
github.com/ultramozg/golang-blog-engine/services/seo.go:348.34,350.20 2 1
github.com/ultramozg/golang-blog-engine/services/seo.go:350.20,352.4 1 1
github.com/ultramozg/golang-blog-engine/services/seo.go:356.2,360.36 4 1
github.com/ultramozg/golang-blog-engine/services/seo.go:360.36,362.20 2 1
github.com/ultramozg/golang-blog-engine/services/seo.go:362.20,364.4 1 1
github.com/ultramozg/golang-blog-engine/services/seo.go:368.2,369.33 2 1
github.com/ultramozg/golang-blog-engine/services/seo.go:369.33,370.39 1 1
github.com/ultramozg/golang-blog-engine/services/seo.go:370.39,372.4 1 1
github.com/ultramozg/golang-blog-engine/services/seo.go:375.2,375.37 1 1
github.com/ultramozg/golang-blog-engine/services/seo.go:379.61,386.32 4 1
github.com/ultramozg/golang-blog-engine/services/seo.go:386.32,393.28 5 1
github.com/ultramozg/golang-blog-engine/services/seo.go:393.28,396.4 2 1
github.com/ultramozg/golang-blog-engine/services/seo.go:400.2,402.35 3 1
github.com/ultramozg/golang-blog-engine/services/seo.go:402.35,404.40 2 1
github.com/ultramozg/golang-blog-engine/services/seo.go:404.40,406.4 1 1
github.com/ultramozg/golang-blog-engine/services/seo.go:406.9,406.44 1 1
github.com/ultramozg/golang-blog-engine/services/seo.go:406.44,408.4 1 1
github.com/ultramozg/golang-blog-engine/services/seo.go:411.2,411.15 1 1
github.com/ultramozg/golang-blog-engine/services/seo.go:415.64,416.19 1 1
github.com/ultramozg/golang-blog-engine/services/seo.go:416.19,418.3 1 0
github.com/ultramozg/golang-blog-engine/services/seo.go:421.2,429.33 2 1
github.com/ultramozg/golang-blog-engine/services/seo.go:429.33,430.65 1 1
github.com/ultramozg/golang-blog-engine/services/seo.go:430.65,432.4 1 1
github.com/ultramozg/golang-blog-engine/services/seo.go:436.2,436.11 1 1
github.com/ultramozg/golang-blog-engine/services/slug.go:29.45,33.2 1 1
github.com/ultramozg/golang-blog-engine/services/slug.go:36.57,37.17 1 1
github.com/ultramozg/golang-blog-engine/services/slug.go:37.17,39.3 1 1
github.com/ultramozg/golang-blog-engine/services/slug.go:42.2,45.16 2 1
github.com/ultramozg/golang-blog-engine/services/slug.go:45.16,47.3 1 1
github.com/ultramozg/golang-blog-engine/services/slug.go:49.2,49.13 1 1
github.com/ultramozg/golang-blog-engine/services/slug.go:53.58,74.21 8 1
github.com/ultramozg/golang-blog-engine/services/slug.go:74.21,78.3 2 1
github.com/ultramozg/golang-blog-engine/services/slug.go:80.2,80.13 1 1
github.com/ultramozg/golang-blog-engine/services/slug.go:84.72,85.16 1 1
github.com/ultramozg/golang-blog-engine/services/slug.go:85.16,87.3 1 1
github.com/ultramozg/golang-blog-engine/services/slug.go:89.2,93.36 3 1
github.com/ultramozg/golang-blog-engine/services/slug.go:93.36,98.21 3 1
github.com/ultramozg/golang-blog-engine/services/slug.go:98.21,99.9 1 0
github.com/ultramozg/golang-blog-engine/services/slug.go:103.2,103.13 1 1
github.com/ultramozg/golang-blog-engine/services/slug.go:107.73,111.23 3 1
github.com/ultramozg/golang-blog-engine/services/slug.go:111.23,114.3 1 1
github.com/ultramozg/golang-blog-engine/services/slug.go:114.8,117.3 1 1
github.com/ultramozg/golang-blog-engine/services/slug.go:119.2,119.16 1 1
github.com/ultramozg/golang-blog-engine/services/slug.go:119.16,122.3 1 1
github.com/ultramozg/golang-blog-engine/services/slug.go:124.2,124.19 1 1
github.com/ultramozg/golang-blog-engine/model/model.go:35.42,37.2 1 1
github.com/ultramozg/golang-blog-engine/model/model.go:39.48,41.2 1 1
github.com/ultramozg/golang-blog-engine/model/model.go:43.45,45.57 1 1
github.com/ultramozg/golang-blog-engine/model/model.go:45.57,47.3 1 0
github.com/ultramozg/golang-blog-engine/model/model.go:49.2,50.12 2 1
github.com/ultramozg/golang-blog-engine/model/model.go:53.45,56.2 2 1
github.com/ultramozg/golang-blog-engine/model/model.go:58.45,63.57 2 1
github.com/ultramozg/golang-blog-engine/model/model.go:63.57,65.3 1 0
github.com/ultramozg/golang-blog-engine/model/model.go:67.2,68.16 2 1
github.com/ultramozg/golang-blog-engine/model/model.go:68.16,70.3 1 0
github.com/ultramozg/golang-blog-engine/model/model.go:73.2,74.16 2 1
github.com/ultramozg/golang-blog-engine/model/model.go:74.16,76.3 1 0
github.com/ultramozg/golang-blog-engine/model/model.go:77.2,79.12 2 1
github.com/ultramozg/golang-blog-engine/model/model.go:82.61,85.16 2 1
github.com/ultramozg/golang-blog-engine/model/model.go:85.16,87.3 1 0
github.com/ultramozg/golang-blog-engine/model/model.go:88.2,92.18 3 1
github.com/ultramozg/golang-blog-engine/model/model.go:92.18,94.140 2 1
github.com/ultramozg/golang-blog-engine/model/model.go:94.140,96.4 1 0
github.com/ultramozg/golang-blog-engine/model/model.go:97.3,97.27 1 1
github.com/ultramozg/golang-blog-engine/model/model.go:99.2,99.19 1 1
github.com/ultramozg/golang-blog-engine/model/model.go:102.33,105.16 3 1
github.com/ultramozg/golang-blog-engine/model/model.go:105.16,107.3 1 0
github.com/ultramozg/golang-blog-engine/model/model.go:108.2,108.10 1 1
github.com/ultramozg/golang-blog-engine/model/model.go:112.53,115.29 2 1
github.com/ultramozg/golang-blog-engine/model/model.go:115.29,119.35 2 1
github.com/ultramozg/golang-blog-engine/model/model.go:119.35,121.4 1 1
github.com/ultramozg/golang-blog-engine/model/model.go:125.2,126.22 2 1
github.com/ultramozg/golang-blog-engine/model/model.go:126.22,132.36 4 1
github.com/ultramozg/golang-blog-engine/model/model.go:132.36,134.43 2 1
github.com/ultramozg/golang-blog-engine/model/model.go:134.43,136.5 1 1
github.com/ultramozg/golang-blog-engine/model/model.go:139.3,139.30 1 1
github.com/ultramozg/golang-blog-engine/model/model.go:139.30,141.4 1 1
github.com/ultramozg/golang-blog-engine/model/model.go:142.3,142.49 1 1
github.com/ultramozg/golang-blog-engine/model/model.go:145.2,145.12 1 1
github.com/ultramozg/golang-blog-engine/model/model.go:149.43,151.97 1 1
github.com/ultramozg/golang-blog-engine/model/model.go:151.97,160.25 5 1
github.com/ultramozg/golang-blog-engine/model/model.go:160.25,162.27 1 1
github.com/ultramozg/golang-blog-engine/model/model.go:162.27,166.24 3 1
github.com/ultramozg/golang-blog-engine/model/model.go:166.24,168.6 1 1
github.com/ultramozg/golang-blog-engine/model/model.go:168.11,170.6 1 0
github.com/ultramozg/golang-blog-engine/model/model.go:171.10,173.5 1 1
github.com/ultramozg/golang-blog-engine/model/model.go:174.9,174.27 1 1
github.com/ultramozg/golang-blog-engine/model/model.go:174.27,177.4 1 1
github.com/ultramozg/golang-blog-engine/model/model.go:181.2,181.22 1 1
github.com/ultramozg/golang-blog-engine/model/model.go:181.22,185.20 2 1
github.com/ultramozg/golang-blog-engine/model/model.go:185.20,187.36 2 1
github.com/ultramozg/golang-blog-engine/model/model.go:187.36,190.40 2 1
github.com/ultramozg/golang-blog-engine/model/model.go:190.40,192.6 1 1
github.com/ultramozg/golang-blog-engine/model/model.go:197.3,197.40 1 1
github.com/ultramozg/golang-blog-engine/model/model.go:197.40,202.35 4 1
github.com/ultramozg/golang-blog-engine/model/model.go:202.35,204.40 2 1
github.com/ultramozg/golang-blog-engine/model/model.go:204.40,206.6 1 1
github.com/ultramozg/golang-blog-engine/model/model.go:210.4,210.39 1 1
github.com/ultramozg/golang-blog-engine/model/model.go:210.39,211.40 1 1
github.com/ultramozg/golang-blog-engine/model/model.go:211.40,214.40 2 0
github.com/ultramozg/golang-blog-engine/model/model.go:214.40,215.27 1 0
github.com/ultramozg/golang-blog-engine/model/model.go:215.27,217.13 2 0
github.com/ultramozg/golang-blog-engine/model/model.go:220.6,220.16 1 0
github.com/ultramozg/golang-blog-engine/model/model.go:220.16,222.7 1 0
github.com/ultramozg/golang-blog-engine/model/model.go:227.3,227.24 1 1
github.com/ultramozg/golang-blog-engine/model/model.go:227.24,229.25 1 1
github.com/ultramozg/golang-blog-engine/model/model.go:229.25,231.5 1 0
github.com/ultramozg/golang-blog-engine/model/model.go:232.4,232.45 1 1
github.com/ultramozg/golang-blog-engine/model/model.go:238.60,241.16 3 1
github.com/ultramozg/golang-blog-engine/model/model.go:241.16,243.3 1 1
github.com/ultramozg/golang-blog-engine/model/model.go:244.2,244.18 1 1
github.com/ultramozg/golang-blog-engine/model/model.go:266.42,268.2 1 0
github.com/ultramozg/golang-blog-engine/model/model.go:270.48,272.2 1 0
github.com/ultramozg/golang-blog-engine/model/model.go:274.45,276.16 2 0
github.com/ultramozg/golang-blog-engine/model/model.go:276.16,278.3 1 0
github.com/ultramozg/golang-blog-engine/model/model.go:281.2,282.16 2 0
github.com/ultramozg/golang-blog-engine/model/model.go:282.16,284.3 1 0
github.com/ultramozg/golang-blog-engine/model/model.go:285.2,287.12 2 0
github.com/ultramozg/golang-blog-engine/model/model.go:290.45,293.2 2 0
github.com/ultramozg/golang-blog-engine/model/model.go:295.57,298.2 2 0
github.com/ultramozg/golang-blog-engine/model/model.go:300.62,302.16 2 0
github.com/ultramozg/golang-blog-engine/model/model.go:302.16,304.3 1 0
github.com/ultramozg/golang-blog-engine/model/model.go:305.2,308.18 3 0
github.com/ultramozg/golang-blog-engine/model/model.go:308.18,310.209 2 0
github.com/ultramozg/golang-blog-engine/model/model.go:310.209,312.4 1 0
github.com/ultramozg/golang-blog-engine/model/model.go:313.3,313.27 1 0
github.com/ultramozg/golang-blog-engine/model/model.go:315.2,315.19 1 0
github.com/ultramozg/golang-blog-engine/model/model.go:327.57,330.16 2 1
github.com/ultramozg/golang-blog-engine/model/model.go:330.16,332.3 1 0
github.com/ultramozg/golang-blog-engine/model/model.go:333.2,337.18 3 1
github.com/ultramozg/golang-blog-engine/model/model.go:337.18,339.87 2 1
github.com/ultramozg/golang-blog-engine/model/model.go:339.87,341.4 1 0
github.com/ultramozg/golang-blog-engine/model/model.go:342.3,342.33 1 1
github.com/ultramozg/golang-blog-engine/model/model.go:344.2,344.22 1 1
github.com/ultramozg/golang-blog-engine/model/model.go:347.51,350.2 2 1
github.com/ultramozg/golang-blog-engine/model/model.go:352.51,355.2 2 1
github.com/ultramozg/golang-blog-engine/model/model.go:357.34,402.16 3 1
github.com/ultramozg/golang-blog-engine/model/model.go:402.16,403.13 1 0
github.com/ultramozg/golang-blog-engine/model/model.go:407.2,407.29 1 1
github.com/ultramozg/golang-blog-engine/model/model.go:411.42,415.37 3 1
github.com/ultramozg/golang-blog-engine/model/model.go:415.37,418.17 2 1
github.com/ultramozg/golang-blog-engine/model/model.go:418.17,420.4 1 0
github.com/ultramozg/golang-blog-engine/model/model.go:424.2,425.37 2 1
github.com/ultramozg/golang-blog-engine/model/model.go:425.37,428.17 2 1
github.com/ultramozg/golang-blog-engine/model/model.go:428.17,430.4 1 0
github.com/ultramozg/golang-blog-engine/model/model.go:430.9,433.18 2 1
github.com/ultramozg/golang-blog-engine/model/model.go:433.18,435.5 1 0
github.com/ultramozg/golang-blog-engine/model/model.go:440.2,441.37 2 1
github.com/ultramozg/golang-blog-engine/model/model.go:441.37,444.17 2 1
github.com/ultramozg/golang-blog-engine/model/model.go:444.17,446.4 1 0
github.com/ultramozg/golang-blog-engine/model/model.go:446.9,449.18 2 1
github.com/ultramozg/golang-blog-engine/model/model.go:449.18,451.5 1 0
github.com/ultramozg/golang-blog-engine/model/model.go:456.2,457.16 2 1
github.com/ultramozg/golang-blog-engine/model/model.go:457.16,459.3 1 0
github.com/ultramozg/golang-blog-engine/model/model.go:462.2,463.37 2 1
github.com/ultramozg/golang-blog-engine/model/model.go:463.37,466.17 2 1
github.com/ultramozg/golang-blog-engine/model/model.go:466.17,468.4 1 0
github.com/ultramozg/golang-blog-engine/model/model.go:472.2,473.37 2 1
github.com/ultramozg/golang-blog-engine/model/model.go:473.37,476.17 2 1
github.com/ultramozg/golang-blog-engine/model/model.go:476.17,478.4 1 0
github.com/ultramozg/golang-blog-engine/model/model.go:482.2,485.32 2 1
github.com/ultramozg/golang-blog-engine/model/model.go:489.48,495.16 3 1
github.com/ultramozg/golang-blog-engine/model/model.go:495.16,498.3 2 0
github.com/ultramozg/golang-blog-engine/model/model.go:501.2,507.18 3 1
github.com/ultramozg/golang-blog-engine/model/model.go:507.18,509.52 2 1
github.com/ultramozg/golang-blog-engine/model/model.go:509.52,511.12 2 0
github.com/ultramozg/golang-blog-engine/model/model.go:513.3,513.27 1 1
github.com/ultramozg/golang-blog-engine/model/model.go:515.2,515.37 1 1
github.com/ultramozg/golang-blog-engine/model/model.go:515.37,517.3 1 0
github.com/ultramozg/golang-blog-engine/model/model.go:520.2,520.29 1 1
github.com/ultramozg/golang-blog-engine/model/model.go:520.29,527.17 4 1
github.com/ultramozg/golang-blog-engine/model/model.go:527.17,529.4 1 0
github.com/ultramozg/golang-blog-engine/model/model.go:539.45,541.103 2 1
github.com/ultramozg/golang-blog-engine/model/model.go:541.103,544.3 2 0
github.com/ultramozg/golang-blog-engine/model/model.go:545.2,545.22 1 1
github.com/ultramozg/golang-blog-engine/model/model.go:545.22,547.3 1 1
github.com/ultramozg/golang-blog-engine/model/model.go:548.2,548.14 1 1
github.com/ultramozg/golang-blog-engine/model/model.go:551.58,554.2 2 1
github.com/ultramozg/golang-blog-engine/model/model.go:556.41,559.16 3 1
github.com/ultramozg/golang-blog-engine/model/model.go:559.16,561.3 1 1
github.com/ultramozg/golang-blog-engine/model/model.go:562.2,562.23 1 1
github.com/ultramozg/golang-blog-engine/model/model.go:562.23,564.3 1 1
github.com/ultramozg/golang-blog-engine/model/model.go:565.2,565.14 1 1
github.com/ultramozg/golang-blog-engine/model/model.go:568.63,572.16 3 1
github.com/ultramozg/golang-blog-engine/model/model.go:572.16,575.3 2 1
github.com/ultramozg/golang-blog-engine/model/model.go:577.2,581.16 4 1
github.com/ultramozg/golang-blog-engine/model/model.go:581.16,584.3 2 1
github.com/ultramozg/golang-blog-engine/model/model.go:585.2,585.13 1 1
github.com/ultramozg/golang-blog-engine/model/model.go:593.66,594.17 1 1
github.com/ultramozg/golang-blog-engine/model/model.go:594.17,596.3 1 0
github.com/ultramozg/golang-blog-engine/model/model.go:599.2,611.50 3 1
github.com/ultramozg/golang-blog-engine/model/model.go:611.50,613.3 1 1
github.com/ultramozg/golang-blog-engine/model/model.go:616.2,622.16 4 1
github.com/ultramozg/golang-blog-engine/model/model.go:622.16,624.3 1 0
github.com/ultramozg/golang-blog-engine/model/model.go:626.2,626.21 1 1
github.com/ultramozg/golang-blog-engine/model/model.go:626.21,629.3 2 0
github.com/ultramozg/golang-blog-engine/model/model.go:631.2,631.13 1 1
github.com/ultramozg/golang-blog-engine/model/model.go:634.81,638.36 3 1
github.com/ultramozg/golang-blog-engine/model/model.go:638.36,641.21 3 1
github.com/ultramozg/golang-blog-engine/model/model.go:641.21,642.9 1 0
github.com/ultramozg/golang-blog-engine/model/model.go:646.2,646.13 1 1
github.com/ultramozg/golang-blog-engine/model/model.go:649.82,653.23 3 1
github.com/ultramozg/golang-blog-engine/model/model.go:653.23,655.3 1 1
github.com/ultramozg/golang-blog-engine/model/model.go:655.8,657.3 1 0
github.com/ultramozg/golang-blog-engine/model/model.go:659.2,659.16 1 1
github.com/ultramozg/golang-blog-engine/model/model.go:659.16,661.3 1 0
github.com/ultramozg/golang-blog-engine/model/model.go:663.2,663.19 1 1
github.com/ultramozg/golang-blog-engine/model/model.go:667.45,671.37 3 1
github.com/ultramozg/golang-blog-engine/model/model.go:671.37,674.17 2 1
github.com/ultramozg/golang-blog-engine/model/model.go:674.17,676.4 1 1
github.com/ultramozg/golang-blog-engine/model/model.go:680.2,681.37 2 1
github.com/ultramozg/golang-blog-engine/model/model.go:681.37,684.17 2 1
github.com/ultramozg/golang-blog-engine/model/model.go:684.17,686.4 1 1
github.com/ultramozg/golang-blog-engine/model/model.go:690.2,691.37 2 1
github.com/ultramozg/golang-blog-engine/model/model.go:691.37,694.17 2 1
github.com/ultramozg/golang-blog-engine/model/model.go:694.17,696.4 1 1
github.com/ultramozg/golang-blog-engine/model/model.go:700.2,701.37 2 1
github.com/ultramozg/golang-blog-engine/model/model.go:701.37,704.17 2 1
github.com/ultramozg/golang-blog-engine/model/model.go:704.17,706.4 1 1
github.com/ultramozg/golang-blog-engine/model/model.go:710.2,711.37 2 1
github.com/ultramozg/golang-blog-engine/model/model.go:711.37,714.17 2 1
github.com/ultramozg/golang-blog-engine/model/model.go:714.17,716.4 1 1
github.com/ultramozg/golang-blog-engine/main.go:12.21,14.2 1 0
github.com/ultramozg/golang-blog-engine/main.go:16.13,20.18 3 0
github.com/ultramozg/golang-blog-engine/main.go:20.18,23.3 2 0
github.com/ultramozg/golang-blog-engine/main.go:25.2,27.9 3 0
github.com/ultramozg/golang-blog-engine/scripts/update_seo_fields.go:12.13,15.17 2 0
github.com/ultramozg/golang-blog-engine/scripts/update_seo_fields.go:15.17,17.3 1 0
github.com/ultramozg/golang-blog-engine/scripts/update_seo_fields.go:20.2,21.16 2 0
github.com/ultramozg/golang-blog-engine/scripts/update_seo_fields.go:21.16,23.3 1 0
github.com/ultramozg/golang-blog-engine/scripts/update_seo_fields.go:24.2,34.16 3 0
github.com/ultramozg/golang-blog-engine/scripts/update_seo_fields.go:34.16,36.3 1 0
github.com/ultramozg/golang-blog-engine/scripts/update_seo_fields.go:37.2,40.18 3 0
github.com/ultramozg/golang-blog-engine/scripts/update_seo_fields.go:40.18,43.17 3 0
github.com/ultramozg/golang-blog-engine/scripts/update_seo_fields.go:43.17,45.12 2 0
github.com/ultramozg/golang-blog-engine/scripts/update_seo_fields.go:49.3,50.61 2 0
github.com/ultramozg/golang-blog-engine/scripts/update_seo_fields.go:50.61,52.12 2 0
github.com/ultramozg/golang-blog-engine/scripts/update_seo_fields.go:56.3,61.17 2 0
github.com/ultramozg/golang-blog-engine/scripts/update_seo_fields.go:61.17,63.12 2 0
github.com/ultramozg/golang-blog-engine/scripts/update_seo_fields.go:66.3,67.17 2 0
github.com/ultramozg/golang-blog-engine/scripts/update_seo_fields.go:70.2,70.74 1 0
github.com/ultramozg/golang-blog-engine/testutils/config.go:16.44,21.2 1 1
github.com/ultramozg/golang-blog-engine/testutils/config.go:24.54,25.51 1 1
github.com/ultramozg/golang-blog-engine/testutils/config.go:25.51,27.3 1 1
github.com/ultramozg/golang-blog-engine/testutils/config.go:27.8,29.3 1 1
github.com/ultramozg/golang-blog-engine/testutils/config.go:30.2,30.27 1 1
github.com/ultramozg/golang-blog-engine/testutils/config.go:34.69,43.2 8 0
github.com/ultramozg/golang-blog-engine/testutils/config.go:46.73,48.16 2 1
github.com/ultramozg/golang-blog-engine/testutils/config.go:48.16,50.3 1 0
github.com/ultramozg/golang-blog-engine/testutils/config.go:51.2,52.17 2 1
github.com/ultramozg/golang-blog-engine/testutils/config.go:56.38,58.44 1 1
github.com/ultramozg/golang-blog-engine/testutils/config.go:58.44,59.21 1 1
github.com/ultramozg/golang-blog-engine/testutils/config.go:59.21,61.4 1 0
github.com/ultramozg/golang-blog-engine/testutils/config.go:61.9,63.4 1 1
github.com/ultramozg/golang-blog-engine/testutils/config.go:67.2,67.34 1 1
github.com/ultramozg/golang-blog-engine/testutils/config.go:67.34,68.43 1 1
github.com/ultramozg/golang-blog-engine/testutils/config.go:68.43,70.4 1 0
github.com/ultramozg/golang-blog-engine/testutils/config.go:75.31,84.29 2 0
github.com/ultramozg/golang-blog-engine/testutils/config.go:84.29,85.42 1 0
github.com/ultramozg/golang-blog-engine/testutils/config.go:85.42,87.4 1 0
github.com/ultramozg/golang-blog-engine/testutils/config.go:91.2,91.54 1 0
github.com/ultramozg/golang-blog-engine/testutils/config.go:91.54,93.3 1 0
github.com/ultramozg/golang-blog-engine/testutils/config.go:94.2,94.19 1 0
github.com/ultramozg/golang-blog-engine/testutils/config.go:98.32,106.29 2 1
github.com/ultramozg/golang-blog-engine/testutils/config.go:106.29,108.23 2 1
github.com/ultramozg/golang-blog-engine/testutils/config.go:108.23,110.4 1 1
github.com/ultramozg/golang-blog-engine/testutils/config.go:114.2,114.29 1 0
github.com/ultramozg/golang-blog-engine/testutils/config.go:125.58,131.2 1 1
github.com/ultramozg/golang-blog-engine/testutils/config.go:134.86,139.47 3 1
github.com/ultramozg/golang-blog-engine/testutils/config.go:139.47,141.3 1 0
github.com/ultramozg/golang-blog-engine/testutils/config.go:144.2,144.70 1 1
github.com/ultramozg/golang-blog-engine/testutils/config.go:144.70,146.3 1 0
github.com/ultramozg/golang-blog-engine/testutils/config.go:148.2,149.22 2 1
github.com/ultramozg/golang-blog-engine/testutils/config.go:153.76,155.52 2 1
github.com/ultramozg/golang-blog-engine/testutils/config.go:155.52,157.3 1 0
github.com/ultramozg/golang-blog-engine/testutils/config.go:159.2,160.22 2 1
github.com/ultramozg/golang-blog-engine/testutils/config.go:164.39,166.33 1 1
github.com/ultramozg/golang-blog-engine/testutils/config.go:166.33,167.41 1 1
github.com/ultramozg/golang-blog-engine/testutils/config.go:167.41,169.4 1 0
github.com/ultramozg/golang-blog-engine/testutils/config.go:173.2,173.42 1 1
github.com/ultramozg/golang-blog-engine/testutils/config.go:173.42,174.48 1 1
github.com/ultramozg/golang-blog-engine/testutils/config.go:174.48,176.4 1 0
github.com/ultramozg/golang-blog-engine/testutils/config.go:181.65,183.2 1 0
github.com/ultramozg/golang-blog-engine/testutils/mocks.go:23.40,29.2 1 0
github.com/ultramozg/golang-blog-engine/testutils/mocks.go:32.69,36.32 3 0
github.com/ultramozg/golang-blog-engine/testutils/mocks.go:36.32,38.3 1 0
github.com/ultramozg/golang-blog-engine/testutils/mocks.go:38.8,40.3 1 0
github.com/ultramozg/golang-blog-engine/testutils/mocks.go:42.2,46.3 1 0
github.com/ultramozg/golang-blog-engine/testutils/mocks.go:50.55,52.16 2 0
github.com/ultramozg/golang-blog-engine/testutils/mocks.go:52.16,54.3 1 0
github.com/ultramozg/golang-blog-engine/testutils/mocks.go:55.2,55.38 1 0
github.com/ultramozg/golang-blog-engine/testutils/mocks.go:59.58,61.16 2 0
github.com/ultramozg/golang-blog-engine/testutils/mocks.go:61.16,63.3 1 0
github.com/ultramozg/golang-blog-engine/testutils/mocks.go:64.2,65.15 2 0
github.com/ultramozg/golang-blog-engine/testutils/mocks.go:69.54,73.2 3 0
github.com/ultramozg/golang-blog-engine/testutils/mocks.go:81.48,83.2 1 0
github.com/ultramozg/golang-blog-engine/testutils/mocks.go:86.55,94.2 2 0
github.com/ultramozg/golang-blog-engine/testutils/mocks.go:97.71,106.2 2 0
github.com/ultramozg/golang-blog-engine/testutils/mocks.go:109.67,115.2 2 0
github.com/ultramozg/golang-blog-engine/testutils/mocks.go:131.44,135.2 1 0
github.com/ultramozg/golang-blog-engine/testutils/mocks.go:138.76,140.2 1 0
github.com/ultramozg/golang-blog-engine/testutils/mocks.go:143.77,145.13 2 0
github.com/ultramozg/golang-blog-engine/testutils/mocks.go:145.13,148.3 2 0
github.com/ultramozg/golang-blog-engine/testutils/mocks.go:151.2,151.43 1 0
github.com/ultramozg/golang-blog-engine/testutils/mocks.go:151.43,153.3 1 0
github.com/ultramozg/golang-blog-engine/testutils/mocks.go:156.2,156.42 1 0
github.com/ultramozg/golang-blog-engine/testutils/mocks.go:156.42,158.3 1 0
github.com/ultramozg/golang-blog-engine/testutils/mocks.go:161.2,164.58 2 0
github.com/ultramozg/golang-blog-engine/testutils/mocks.go:164.58,166.3 1 0
github.com/ultramozg/golang-blog-engine/testutils/mocks.go:178.38,185.2 1 0
github.com/ultramozg/golang-blog-engine/testutils/mocks.go:188.50,190.2 1 0
github.com/ultramozg/golang-blog-engine/testutils/mocks.go:193.59,195.2 1 0
github.com/ultramozg/golang-blog-engine/testutils/mocks.go:198.50,200.2 1 0
github.com/ultramozg/golang-blog-engine/testutils/mocks.go:203.49,205.2 1 0
github.com/ultramozg/golang-blog-engine/testutils/mocks.go:208.55,210.2 1 0
github.com/ultramozg/golang-blog-engine/testutils/mocks.go:213.49,215.2 1 0
github.com/ultramozg/golang-blog-engine/testutils/mocks.go:218.47,220.2 1 0
github.com/ultramozg/golang-blog-engine/testutils/mocks.go:223.51,225.2 1 0
github.com/ultramozg/golang-blog-engine/testutils/mocks.go:228.33,233.2 4 0
github.com/ultramozg/golang-blog-engine/testutils/mocks.go:241.38,245.2 1 0
github.com/ultramozg/golang-blog-engine/testutils/mocks.go:248.48,250.2 1 0
github.com/ultramozg/golang-blog-engine/testutils/mocks.go:253.45,255.2 1 0
github.com/ultramozg/golang-blog-engine/testutils/mocks.go:258.55,260.2 1 0
github.com/ultramozg/golang-blog-engine/testutils/mocks.go:263.61,264.47 1 0
github.com/ultramozg/golang-blog-engine/testutils/mocks.go:264.47,265.26 1 0
github.com/ultramozg/golang-blog-engine/testutils/mocks.go:265.26,267.4 1 0
github.com/ultramozg/golang-blog-engine/testutils/mocks.go:269.2,269.12 1 0
github.com/ultramozg/golang-blog-engine/testutils/mocks.go:273.53,275.2 1 0
github.com/ultramozg/golang-blog-engine/testutils/mocks.go:287.50,292.2 1 0
github.com/ultramozg/golang-blog-engine/testutils/mocks.go:295.74,298.2 2 0
github.com/ultramozg/golang-blog-engine/testutils/mocks.go:301.70,304.2 2 0
github.com/ultramozg/golang-blog-engine/testutils/mocks.go:307.70,310.2 2 0
github.com/ultramozg/golang-blog-engine/testutils/mocks.go:313.78,316.2 2 0
github.com/ultramozg/golang-blog-engine/testutils/mocks.go:319.80,322.2 2 0
github.com/ultramozg/golang-blog-engine/testutils/mocks.go:325.74,329.2 3 0
github.com/ultramozg/golang-blog-engine/testutils/mocks.go:332.63,334.20 2 0
github.com/ultramozg/golang-blog-engine/testutils/mocks.go:334.20,336.3 1 0
github.com/ultramozg/golang-blog-engine/testutils/mocks.go:338.2,339.16 2 0
github.com/ultramozg/golang-blog-engine/testutils/mocks.go:339.16,341.3 1 0
github.com/ultramozg/golang-blog-engine/testutils/mocks.go:344.2,344.38 1 0
github.com/ultramozg/golang-blog-engine/testutils/mocks.go:344.38,346.3 1 0
github.com/ultramozg/golang-blog-engine/testutils/mocks.go:349.2,349.37 1 0
github.com/ultramozg/golang-blog-engine/testutils/mocks.go:349.37,351.3 1 0
github.com/ultramozg/golang-blog-engine/testutils/mocks.go:353.2,353.17 1 0
github.com/ultramozg/golang-blog-engine/testutils/testutils.go:33.34,42.2 2 1
github.com/ultramozg/golang-blog-engine/testutils/testutils.go:51.50,56.16 3 1
github.com/ultramozg/golang-blog-engine/testutils/testutils.go:56.16,58.3 1 0
github.com/ultramozg/golang-blog-engine/testutils/testutils.go:61.2,66.3 2 1
github.com/ultramozg/golang-blog-engine/testutils/testutils.go:70.39,71.18 1 1
github.com/ultramozg/golang-blog-engine/testutils/testutils.go:71.18,72.39 1 1
github.com/ultramozg/golang-blog-engine/testutils/testutils.go:72.39,74.4 1 0
github.com/ultramozg/golang-blog-engine/testutils/testutils.go:76.2,76.40 1 1
github.com/ultramozg/golang-blog-engine/testutils/testutils.go:80.46,93.33 3 1
github.com/ultramozg/golang-blog-engine/testutils/testutils.go:93.33,100.17 4 1
github.com/ultramozg/golang-blog-engine/testutils/testutils.go:100.17,102.4 1 0
github.com/ultramozg/golang-blog-engine/testutils/testutils.go:106.2,115.39 2 1
github.com/ultramozg/golang-blog-engine/testutils/testutils.go:115.39,118.17 2 1
github.com/ultramozg/golang-blog-engine/testutils/testutils.go:118.17,120.4 1 0
github.com/ultramozg/golang-blog-engine/testutils/testutils.go:123.2,123.12 1 1
github.com/ultramozg/golang-blog-engine/testutils/testutils.go:127.47,129.31 2 1
github.com/ultramozg/golang-blog-engine/testutils/testutils.go:129.31,131.17 2 1
github.com/ultramozg/golang-blog-engine/testutils/testutils.go:131.17,133.4 1 0
github.com/ultramozg/golang-blog-engine/testutils/testutils.go:135.2,135.12 1 1
github.com/ultramozg/golang-blog-engine/testutils/testutils.go:139.83,141.16 2 1
github.com/ultramozg/golang-blog-engine/testutils/testutils.go:141.16,143.3 1 0
github.com/ultramozg/golang-blog-engine/testutils/testutils.go:145.2,147.16 2 1
github.com/ultramozg/golang-blog-engine/testutils/testutils.go:147.16,149.3 1 0
github.com/ultramozg/golang-blog-engine/testutils/testutils.go:151.2,151.12 1 1
github.com/ultramozg/golang-blog-engine/testutils/testutils.go:162.76,164.50 1 1
github.com/ultramozg/golang-blog-engine/testutils/testutils.go:164.50,166.3 1 0
github.com/ultramozg/golang-blog-engine/testutils/testutils.go:171.2,185.69 8 1
github.com/ultramozg/golang-blog-engine/testutils/testutils.go:185.69,187.4 1 1
github.com/ultramozg/golang-blog-engine/testutils/testutils.go:190.2,194.3 1 1
github.com/ultramozg/golang-blog-engine/testutils/testutils.go:198.34,199.21 1 1
github.com/ultramozg/golang-blog-engine/testutils/testutils.go:199.21,201.3 1 1
github.com/ultramozg/golang-blog-engine/testutils/testutils.go:205.123,207.16 2 1
github.com/ultramozg/golang-blog-engine/testutils/testutils.go:207.16,209.3 1 1
github.com/ultramozg/golang-blog-engine/testutils/testutils.go:211.2,212.16 2 1
github.com/ultramozg/golang-blog-engine/testutils/testutils.go:212.16,214.3 1 0
github.com/ultramozg/golang-blog-engine/testutils/testutils.go:217.2,217.34 1 1
github.com/ultramozg/golang-blog-engine/testutils/testutils.go:217.34,219.3 1 1
github.com/ultramozg/golang-blog-engine/testutils/testutils.go:221.2,221.25 1 1
github.com/ultramozg/golang-blog-engine/testutils/testutils.go:225.158,227.16 2 1
github.com/ultramozg/golang-blog-engine/testutils/testutils.go:227.16,229.3 1 1
github.com/ultramozg/golang-blog-engine/testutils/testutils.go:231.2,232.16 2 1
github.com/ultramozg/golang-blog-engine/testutils/testutils.go:232.16,234.3 1 0
github.com/ultramozg/golang-blog-engine/testutils/testutils.go:237.2,237.34 1 1
github.com/ultramozg/golang-blog-engine/testutils/testutils.go:237.34,239.3 1 1
github.com/ultramozg/golang-blog-engine/testutils/testutils.go:242.2,242.33 1 1
github.com/ultramozg/golang-blog-engine/testutils/testutils.go:242.33,244.3 1 1
github.com/ultramozg/golang-blog-engine/testutils/testutils.go:246.2,246.25 1 1
github.com/ultramozg/golang-blog-engine/testutils/testutils.go:250.63,257.16 4 1
github.com/ultramozg/golang-blog-engine/testutils/testutils.go:257.16,259.3 1 0
github.com/ultramozg/golang-blog-engine/testutils/testutils.go:260.2,263.53 2 1
github.com/ultramozg/golang-blog-engine/testutils/testutils.go:263.53,266.3 2 0
github.com/ultramozg/golang-blog-engine/testutils/testutils.go:269.2,269.40 1 1
github.com/ultramozg/golang-blog-engine/testutils/testutils.go:269.40,270.31 1 1
github.com/ultramozg/golang-blog-engine/testutils/testutils.go:270.31,272.4 1 1
github.com/ultramozg/golang-blog-engine/testutils/testutils.go:275.2,275.52 1 0
github.com/ultramozg/golang-blog-engine/testutils/testutils.go:285.46,293.2 3 1
github.com/ultramozg/golang-blog-engine/testutils/testutils.go:296.31,297.20 1 1
github.com/ultramozg/golang-blog-engine/testutils/testutils.go:297.20,299.3 1 1
github.com/ultramozg/golang-blog-engine/testutils/testutils.go:300.2,300.18 1 1
github.com/ultramozg/golang-blog-engine/testutils/testutils.go:300.18,301.39 1 1
github.com/ultramozg/golang-blog-engine/testutils/testutils.go:301.39,303.4 1 0
github.com/ultramozg/golang-blog-engine/testutils/testutils.go:308.41,310.46 1 1
github.com/ultramozg/golang-blog-engine/testutils/testutils.go:310.46,312.3 1 0
github.com/ultramozg/golang-blog-engine/testutils/testutils.go:315.2,315.87 1 1
github.com/ultramozg/golang-blog-engine/testutils/testutils.go:315.87,317.3 1 0
github.com/ultramozg/golang-blog-engine/testutils/testutils.go:320.2,320.45 1 1
github.com/ultramozg/golang-blog-engine/testutils/testutils.go:320.45,322.3 1 0
github.com/ultramozg/golang-blog-engine/testutils/testutils.go:324.2,324.12 1 1
github.com/ultramozg/golang-blog-engine/testutils/testutils.go:328.72,329.33 1 1
github.com/ultramozg/golang-blog-engine/testutils/testutils.go:329.33,331.3 1 0
github.com/ultramozg/golang-blog-engine/testutils/testutils.go:335.58,336.39 1 1
github.com/ultramozg/golang-blog-engine/testutils/testutils.go:336.39,338.3 1 0
github.com/ultramozg/golang-blog-engine/testutils/testutils.go:342.63,343.40 1 1
github.com/ultramozg/golang-blog-engine/testutils/testutils.go:343.40,345.3 1 0
github.com/ultramozg/golang-blog-engine/testutils/testutils.go:349.81,350.53 1 1
github.com/ultramozg/golang-blog-engine/testutils/testutils.go:350.53,353.3 2 0
github.com/ultramozg/golang-blog-engine/testutils/testutils.go:355.2,356.34 2 1
github.com/ultramozg/golang-blog-engine/testutils/testutils.go:356.34,358.3 1 0
github.com/ultramozg/golang-blog-engine/testutils/testutils.go:362.92,363.40 1 0
github.com/ultramozg/golang-blog-engine/testutils/testutils.go:363.40,364.32 1 0
github.com/ultramozg/golang-blog-engine/testutils/testutils.go:364.32,366.4 1 0
github.com/ultramozg/golang-blog-engine/testutils/testutils.go:368.2,369.12 2 0
github.com/ultramozg/golang-blog-engine/testutils/testutils.go:373.98,375.34 2 0
github.com/ultramozg/golang-blog-engine/testutils/testutils.go:375.34,376.18 1 0
github.com/ultramozg/golang-blog-engine/testutils/testutils.go:376.18,378.4 1 0
github.com/ultramozg/golang-blog-engine/testutils/testutils.go:379.3,379.23 1 0
github.com/ultramozg/golang-blog-engine/testutils/testutils.go:381.2,381.14 1 0
github.com/ultramozg/golang-blog-engine/testutils/testutils.go:385.58,387.16 2 0
github.com/ultramozg/golang-blog-engine/testutils/testutils.go:387.16,389.3 1 0
github.com/ultramozg/golang-blog-engine/testutils/testutils.go:390.2,392.56 2 0
github.com/ultramozg/golang-blog-engine/testutils/testutils.go:392.56,394.3 1 0
github.com/ultramozg/golang-blog-engine/testutils/testutils.go:396.2,396.23 1 0
github.com/ultramozg/golang-blog-engine/testutils/testutils.go:400.40,402.2 1 0
github.com/ultramozg/golang-blog-engine/testutils/testutils.go:405.42,410.50 2 0
github.com/ultramozg/golang-blog-engine/testutils/testutils.go:410.50,412.3 1 0
github.com/ultramozg/golang-blog-engine/testutils/testutils.go:417.2,430.17 9 0
github.com/ultramozg/golang-blog-engine/app/app.go:59.19,61.2 1 1
github.com/ultramozg/golang-blog-engine/app/app.go:64.28,70.16 5 1
github.com/ultramozg/golang-blog-engine/app/app.go:70.16,72.3 1 0
github.com/ultramozg/golang-blog-engine/app/app.go:74.2,79.26 3 1
github.com/ultramozg/golang-blog-engine/app/app.go:79.26,80.55 1 1
github.com/ultramozg/golang-blog-engine/app/app.go:80.55,82.18 2 1
github.com/ultramozg/golang-blog-engine/app/app.go:82.18,84.5 1 0
github.com/ultramozg/golang-blog-engine/app/app.go:89.2,99.18 7 1
github.com/ultramozg/golang-blog-engine/app/app.go:99.18,101.3 1 1
github.com/ultramozg/golang-blog-engine/app/app.go:101.8,103.86 1 0
github.com/ultramozg/golang-blog-engine/app/app.go:103.86,104.37 1 0
github.com/ultramozg/golang-blog-engine/app/app.go:104.37,106.5 1 0
github.com/ultramozg/golang-blog-engine/app/app.go:106.10,108.5 1 0
github.com/ultramozg/golang-blog-engine/app/app.go:109.9,109.83 1 0
github.com/ultramozg/golang-blog-engine/app/app.go:109.83,112.4 1 0
github.com/ultramozg/golang-blog-engine/app/app.go:114.2,117.64 2 1
github.com/ultramozg/golang-blog-engine/app/app.go:117.64,119.3 1 0
github.com/ultramozg/golang-blog-engine/app/app.go:121.2,139.40 5 1
github.com/ultramozg/golang-blog-engine/app/app.go:143.21,163.35 4 0
github.com/ultramozg/golang-blog-engine/app/app.go:163.35,165.3 1 0
github.com/ultramozg/golang-blog-engine/app/app.go:166.2,180.12 6 0
github.com/ultramozg/golang-blog-engine/app/app.go:180.12,181.53 1 0
github.com/ultramozg/golang-blog-engine/app/app.go:181.53,183.4 1 0
github.com/ultramozg/golang-blog-engine/app/app.go:187.2,187.12 1 0
github.com/ultramozg/golang-blog-engine/app/app.go:187.12,188.64 1 0
github.com/ultramozg/golang-blog-engine/app/app.go:188.64,190.4 1 0
github.com/ultramozg/golang-blog-engine/app/app.go:194.2,200.51 5 0
github.com/ultramozg/golang-blog-engine/app/app.go:200.51,202.3 1 0
github.com/ultramozg/golang-blog-engine/app/app.go:203.2,203.49 1 0
github.com/ultramozg/golang-blog-engine/app/app.go:203.49,205.3 1 0
github.com/ultramozg/golang-blog-engine/app/app.go:206.2,206.37 1 0
github.com/ultramozg/golang-blog-engine/app/app.go:206.37,208.3 1 0
github.com/ultramozg/golang-blog-engine/app/app.go:209.2,209.12 1 0
github.com/ultramozg/golang-blog-engine/app/app.go:212.34,240.2 23 1
github.com/ultramozg/golang-blog-engine/app/app.go:242.60,243.23 1 1
github.com/ultramozg/golang-blog-engine/app/app.go:243.23,246.3 2 1
github.com/ultramozg/golang-blog-engine/app/app.go:247.2,247.52 1 1
github.com/ultramozg/golang-blog-engine/app/app.go:250.63,252.16 2 1
github.com/ultramozg/golang-blog-engine/app/app.go:252.16,255.3 2 1
github.com/ultramozg/golang-blog-engine/app/app.go:257.2,258.39 2 1
github.com/ultramozg/golang-blog-engine/app/app.go:258.39,259.14 1 1
github.com/ultramozg/golang-blog-engine/app/app.go:260.22,261.51 1 1
github.com/ultramozg/golang-blog-engine/app/app.go:262.11,263.67 1 0
github.com/ultramozg/golang-blog-engine/app/app.go:265.3,265.9 1 1
github.com/ultramozg/golang-blog-engine/app/app.go:268.2,268.18 1 1
github.com/ultramozg/golang-blog-engine/app/app.go:269.22,275.17 4 1
github.com/ultramozg/golang-blog-engine/app/app.go:275.17,277.4 1 0
github.com/ultramozg/golang-blog-engine/app/app.go:280.3,310.17 6 1
github.com/ultramozg/golang-blog-engine/app/app.go:310.17,312.4 1 0
github.com/ultramozg/golang-blog-engine/app/app.go:313.23,315.9 2 1
github.com/ultramozg/golang-blog-engine/app/app.go:317.10,319.9 2 1
github.com/ultramozg/golang-blog-engine/app/app.go:323.69,326.16 2 1
github.com/ultramozg/golang-blog-engine/app/app.go:326.16,329.3 2 0
github.com/ultramozg/golang-blog-engine/app/app.go:331.2,332.46 2 1
github.com/ultramozg/golang-blog-engine/app/app.go:332.46,333.14 1 0
github.com/ultramozg/golang-blog-engine/app/app.go:334.22,335.51 1 0
github.com/ultramozg/golang-blog-engine/app/app.go:336.11,337.67 1 0
github.com/ultramozg/golang-blog-engine/app/app.go:339.3,339.9 1 0
github.com/ultramozg/golang-blog-engine/app/app.go:342.2,342.18 1 1
github.com/ultramozg/golang-blog-engine/app/app.go:343.22,349.17 4 1
github.com/ultramozg/golang-blog-engine/app/app.go:349.17,351.4 1 0
github.com/ultramozg/golang-blog-engine/app/app.go:354.3,384.17 6 1
github.com/ultramozg/golang-blog-engine/app/app.go:384.17,386.4 1 0
github.com/ultramozg/golang-blog-engine/app/app.go:387.23,389.9 2 0
github.com/ultramozg/golang-blog-engine/app/app.go:391.10,393.9 2 0
github.com/ultramozg/golang-blog-engine/app/app.go:397.63,401.16 4 1
github.com/ultramozg/golang-blog-engine/app/app.go:401.16,404.3 2 1
github.com/ultramozg/golang-blog-engine/app/app.go:405.2,407.16 2 1
github.com/ultramozg/golang-blog-engine/app/app.go:407.16,410.3 2 0
github.com/ultramozg/golang-blog-engine/app/app.go:412.2,412.18 1 1
github.com/ultramozg/golang-blog-engine/app/app.go:413.22,427.73 2 1
github.com/ultramozg/golang-blog-engine/app/app.go:427.73,429.4 1 0
github.com/ultramozg/golang-blog-engine/app/app.go:431.23,433.9 2 1
github.com/ultramozg/golang-blog-engine/app/app.go:435.10,437.9 2 1
github.com/ultramozg/golang-blog-engine/app/app.go:441.66,442.18 1 1
github.com/ultramozg/golang-blog-engine/app/app.go:443.22,444.91 1 1
github.com/ultramozg/golang-blog-engine/app/app.go:444.91,446.4 1 0
github.com/ultramozg/golang-blog-engine/app/app.go:448.23,449.39 1 1
github.com/ultramozg/golang-blog-engine/app/app.go:449.39,452.4 2 0
github.com/ultramozg/golang-blog-engine/app/app.go:454.3,456.32 3 1
github.com/ultramozg/golang-blog-engine/app/app.go:456.32,459.4 2 1
github.com/ultramozg/golang-blog-engine/app/app.go:461.3,469.58 5 1
github.com/ultramozg/golang-blog-engine/app/app.go:469.58,472.4 2 0
github.com/ultramozg/golang-blog-engine/app/app.go:475.3,476.17 2 1
github.com/ultramozg/golang-blog-engine/app/app.go:476.17,479.4 2 0
github.com/ultramozg/golang-blog-engine/app/app.go:482.3,483.17 2 1
github.com/ultramozg/golang-blog-engine/app/app.go:483.17,486.4 2 0
github.com/ultramozg/golang-blog-engine/app/app.go:487.3,488.48 2 1
github.com/ultramozg/golang-blog-engine/app/app.go:490.10,492.9 2 1
github.com/ultramozg/golang-blog-engine/app/app.go:496.66,497.18 1 1
github.com/ultramozg/golang-blog-engine/app/app.go:498.22,506.17 5 1
github.com/ultramozg/golang-blog-engine/app/app.go:506.17,510.4 2 1
github.com/ultramozg/golang-blog-engine/app/app.go:510.9,510.25 1 1
github.com/ultramozg/golang-blog-engine/app/app.go:510.25,513.23 2 1
github.com/ultramozg/golang-blog-engine/app/app.go:513.23,516.5 2 1
github.com/ultramozg/golang-blog-engine/app/app.go:517.4,518.25 2 1
github.com/ultramozg/golang-blog-engine/app/app.go:519.9,522.4 2 0
github.com/ultramozg/golang-blog-engine/app/app.go:524.3,524.17 1 1
github.com/ultramozg/golang-blog-engine/app/app.go:524.17,525.15 1 1
github.com/ultramozg/golang-blog-engine/app/app.go:526.23,527.57 1 1
github.com/ultramozg/golang-blog-engine/app/app.go:528.12,529.75 1 0
github.com/ultramozg/golang-blog-engine/app/app.go:531.4,531.10 1 1
github.com/ultramozg/golang-blog-engine/app/app.go:534.3,542.19 3 1
github.com/ultramozg/golang-blog-engine/app/app.go:544.23,545.39 1 1
github.com/ultramozg/golang-blog-engine/app/app.go:545.39,548.4 2 0
github.com/ultramozg/golang-blog-engine/app/app.go:551.3,557.17 5 1
github.com/ultramozg/golang-blog-engine/app/app.go:557.17,561.4 2 1
github.com/ultramozg/golang-blog-engine/app/app.go:561.9,561.25 1 1
github.com/ultramozg/golang-blog-engine/app/app.go:561.25,564.23 2 1
github.com/ultramozg/golang-blog-engine/app/app.go:564.23,567.5 2 1
github.com/ultramozg/golang-blog-engine/app/app.go:568.4,569.25 2 1
github.com/ultramozg/golang-blog-engine/app/app.go:570.9,573.4 2 0
github.com/ultramozg/golang-blog-engine/app/app.go:575.3,575.17 1 1
github.com/ultramozg/golang-blog-engine/app/app.go:575.17,578.4 2 0
github.com/ultramozg/golang-blog-engine/app/app.go:580.3,582.32 3 1
github.com/ultramozg/golang-blog-engine/app/app.go:582.32,585.4 2 1
github.com/ultramozg/golang-blog-engine/app/app.go:588.3,596.58 6 1
github.com/ultramozg/golang-blog-engine/app/app.go:596.58,599.4 2 0
github.com/ultramozg/golang-blog-engine/app/app.go:602.3,602.28 1 1
github.com/ultramozg/golang-blog-engine/app/app.go:602.28,608.4 3 1
github.com/ultramozg/golang-blog-engine/app/app.go:608.9,611.4 1 1
github.com/ultramozg/golang-blog-engine/app/app.go:613.3,613.17 1 1
github.com/ultramozg/golang-blog-engine/app/app.go:613.17,616.4 2 0
github.com/ultramozg/golang-blog-engine/app/app.go:617.3,617.48 1 1
github.com/ultramozg/golang-blog-engine/app/app.go:619.10,621.9 2 0
github.com/ultramozg/golang-blog-engine/app/app.go:625.66,626.18 1 1
github.com/ultramozg/golang-blog-engine/app/app.go:627.22,628.39 1 1
github.com/ultramozg/golang-blog-engine/app/app.go:628.39,631.4 2 0
github.com/ultramozg/golang-blog-engine/app/app.go:634.3,640.17 5 1
github.com/ultramozg/golang-blog-engine/app/app.go:640.17,644.4 2 1
github.com/ultramozg/golang-blog-engine/app/app.go:644.9,644.25 1 1
github.com/ultramozg/golang-blog-engine/app/app.go:644.25,647.23 2 1
github.com/ultramozg/golang-blog-engine/app/app.go:647.23,650.5 2 1
github.com/ultramozg/golang-blog-engine/app/app.go:651.4,652.25 2 1
github.com/ultramozg/golang-blog-engine/app/app.go:653.9,656.4 2 0
github.com/ultramozg/golang-blog-engine/app/app.go:658.3,658.17 1 1
github.com/ultramozg/golang-blog-engine/app/app.go:658.17,659.15 1 1
github.com/ultramozg/golang-blog-engine/app/app.go:660.23,661.52 1 1
github.com/ultramozg/golang-blog-engine/app/app.go:662.12,663.68 1 0
github.com/ultramozg/golang-blog-engine/app/app.go:665.4,665.10 1 1
github.com/ultramozg/golang-blog-engine/app/app.go:667.3,667.44 1 1
github.com/ultramozg/golang-blog-engine/app/app.go:667.44,670.4 2 0
github.com/ultramozg/golang-blog-engine/app/app.go:671.3,671.48 1 1
github.com/ultramozg/golang-blog-engine/app/app.go:672.10,674.9 2 0
github.com/ultramozg/golang-blog-engine/app/app.go:678.61,679.18 1 1
github.com/ultramozg/golang-blog-engine/app/app.go:680.22,681.90 1 1
github.com/ultramozg/golang-blog-engine/app/app.go:681.90,683.4 1 0
github.com/ultramozg/golang-blog-engine/app/app.go:684.3,684.9 1 1
github.com/ultramozg/golang-blog-engine/app/app.go:685.23,687.9 2 1
github.com/ultramozg/golang-blog-engine/app/app.go:688.10,690.9 2 1
github.com/ultramozg/golang-blog-engine/app/app.go:694.61,695.18 1 1
github.com/ultramozg/golang-blog-engine/app/app.go:696.22,697.90 1 1
github.com/ultramozg/golang-blog-engine/app/app.go:697.90,699.4 1 0
github.com/ultramozg/golang-blog-engine/app/app.go:701.23,702.39 1 1
github.com/ultramozg/golang-blog-engine/app/app.go:702.39,705.4 2 0
github.com/ultramozg/golang-blog-engine/app/app.go:707.3,710.32 3 1
github.com/ultramozg/golang-blog-engine/app/app.go:710.32,713.4 2 1
github.com/ultramozg/golang-blog-engine/app/app.go:714.3,716.56 2 1
github.com/ultramozg/golang-blog-engine/app/app.go:716.56,721.4 4 1
github.com/ultramozg/golang-blog-engine/app/app.go:722.3,723.9 2 1
github.com/ultramozg/golang-blog-engine/app/app.go:725.23,727.9 2 1
github.com/ultramozg/golang-blog-engine/app/app.go:729.10,731.9 2 1
github.com/ultramozg/golang-blog-engine/app/app.go:735.62,736.18 1 1
github.com/ultramozg/golang-blog-engine/app/app.go:737.22,738.28 1 1
github.com/ultramozg/golang-blog-engine/app/app.go:738.28,743.4 4 1
github.com/ultramozg/golang-blog-engine/app/app.go:743.9,746.4 2 1
github.com/ultramozg/golang-blog-engine/app/app.go:747.23,749.9 2 1
github.com/ultramozg/golang-blog-engine/app/app.go:750.10,752.9 2 1
github.com/ultramozg/golang-blog-engine/app/app.go:756.61,757.18 1 0
github.com/ultramozg/golang-blog-engine/app/app.go:758.22,760.17 2 0
github.com/ultramozg/golang-blog-engine/app/app.go:760.17,763.4 2 0
github.com/ultramozg/golang-blog-engine/app/app.go:764.3,764.21 1 0
github.com/ultramozg/golang-blog-engine/app/app.go:764.21,767.4 2 0
github.com/ultramozg/golang-blog-engine/app/app.go:769.3,771.17 3 0
github.com/ultramozg/golang-blog-engine/app/app.go:771.17,774.4 2 0
github.com/ultramozg/golang-blog-engine/app/app.go:776.3,781.9 5 0
github.com/ultramozg/golang-blog-engine/app/app.go:783.23,785.9 2 0
github.com/ultramozg/golang-blog-engine/app/app.go:786.10,788.9 2 0
github.com/ultramozg/golang-blog-engine/app/app.go:792.69,793.18 1 1
github.com/ultramozg/golang-blog-engine/app/app.go:794.23,795.34 1 1
github.com/ultramozg/golang-blog-engine/app/app.go:795.34,798.4 2 1
github.com/ultramozg/golang-blog-engine/app/app.go:800.3,800.39 1 1
github.com/ultramozg/golang-blog-engine/app/app.go:800.39,803.4 2 0
github.com/ultramozg/golang-blog-engine/app/app.go:805.3,806.17 2 1
github.com/ultramozg/golang-blog-engine/app/app.go:806.17,809.4 2 1
github.com/ultramozg/golang-blog-engine/app/app.go:811.3,813.34 3 1
github.com/ultramozg/golang-blog-engine/app/app.go:813.34,816.4 2 1
github.com/ultramozg/golang-blog-engine/app/app.go:818.3,819.47 2 1
github.com/ultramozg/golang-blog-engine/app/app.go:819.47,822.4 2 0
github.com/ultramozg/golang-blog-engine/app/app.go:823.3,823.68 1 1
github.com/ultramozg/golang-blog-engine/app/app.go:825.10,827.9 2 1
github.com/ultramozg/golang-blog-engine/app/app.go:831.69,832.18 1 1
github.com/ultramozg/golang-blog-engine/app/app.go:833.22,834.29 1 1
github.com/ultramozg/golang-blog-engine/app/app.go:834.29,837.4 2 1
github.com/ultramozg/golang-blog-engine/app/app.go:839.3,840.17 2 1
github.com/ultramozg/golang-blog-engine/app/app.go:840.17,843.4 2 1
github.com/ultramozg/golang-blog-engine/app/app.go:845.3,846.47 2 1
github.com/ultramozg/golang-blog-engine/app/app.go:846.47,849.4 2 0
github.com/ultramozg/golang-blog-engine/app/app.go:850.3,850.68 1 1
github.com/ultramozg/golang-blog-engine/app/app.go:851.10,853.9 2 0
github.com/ultramozg/golang-blog-engine/app/app.go:857.26,858.12 1 1
github.com/ultramozg/golang-blog-engine/app/app.go:858.12,860.3 1 1
github.com/ultramozg/golang-blog-engine/app/app.go:861.2,861.10 1 1
github.com/ultramozg/golang-blog-engine/app/app.go:864.48,866.2 1 1
github.com/ultramozg/golang-blog-engine/app/app.go:868.51,871.16 2 1
github.com/ultramozg/golang-blog-engine/app/app.go:871.16,874.3 2 0
github.com/ultramozg/golang-blog-engine/app/app.go:876.2,876.37 1 1
github.com/ultramozg/golang-blog-engine/app/app.go:879.66,880.18 1 1
github.com/ultramozg/golang-blog-engine/app/app.go:881.23,883.56 1 1
github.com/ultramozg/golang-blog-engine/app/app.go:883.56,886.4 2 0
github.com/ultramozg/golang-blog-engine/app/app.go:888.3,889.17 2 1
github.com/ultramozg/golang-blog-engine/app/app.go:889.17,892.4 2 0
github.com/ultramozg/golang-blog-engine/app/app.go:893.3,897.17 3 1
github.com/ultramozg/golang-blog-engine/app/app.go:897.17,900.4 2 1
github.com/ultramozg/golang-blog-engine/app/app.go:903.3,928.60 3 1
github.com/ultramozg/golang-blog-engine/app/app.go:928.60,931.4 2 0
github.com/ultramozg/golang-blog-engine/app/app.go:934.3,934.61 1 1
github.com/ultramozg/golang-blog-engine/app/app.go:934.61,937.4 2 0
github.com/ultramozg/golang-blog-engine/app/app.go:939.10,941.9 2 0
github.com/ultramozg/golang-blog-engine/app/app.go:945.65,946.18 1 1
github.com/ultramozg/golang-blog-engine/app/app.go:947.22,950.17 2 1
github.com/ultramozg/golang-blog-engine/app/app.go:950.17,953.4 2 1
github.com/ultramozg/golang-blog-engine/app/app.go:956.3,958.44 3 1
github.com/ultramozg/golang-blog-engine/app/app.go:958.44,961.4 2 0
github.com/ultramozg/golang-blog-engine/app/app.go:961.9,963.4 1 1
github.com/ultramozg/golang-blog-engine/app/app.go:966.3,967.17 2 1
github.com/ultramozg/golang-blog-engine/app/app.go:967.17,970.4 2 1
github.com/ultramozg/golang-blog-engine/app/app.go:972.3,976.75 4 1
github.com/ultramozg/golang-blog-engine/app/app.go:976.75,981.4 3 0
github.com/ultramozg/golang-blog-engine/app/app.go:981.9,984.18 2 1
github.com/ultramozg/golang-blog-engine/app/app.go:984.18,987.5 2 0
github.com/ultramozg/golang-blog-engine/app/app.go:988.4,992.66 3 1
github.com/ultramozg/golang-blog-engine/app/app.go:992.66,994.5 1 0
github.com/ultramozg/golang-blog-engine/app/app.go:998.3,1001.41 2 1
github.com/ultramozg/golang-blog-engine/app/app.go:1001.41,1003.4 1 0
github.com/ultramozg/golang-blog-engine/app/app.go:1003.9,1003.47 1 1
github.com/ultramozg/golang-blog-engine/app/app.go:1003.47,1005.4 1 0
github.com/ultramozg/golang-blog-engine/app/app.go:1005.9,1007.4 1 1
github.com/ultramozg/golang-blog-engine/app/app.go:1010.3,1010.53 1 1
github.com/ultramozg/golang-blog-engine/app/app.go:1010.53,1012.4 1 1
github.com/ultramozg/golang-blog-engine/app/app.go:1015.3,1015.33 1 1
github.com/ultramozg/golang-blog-engine/app/app.go:1017.10,1019.9 2 0
github.com/ultramozg/golang-blog-engine/app/app.go:1023.65,1024.18 1 1
github.com/ultramozg/golang-blog-engine/app/app.go:1025.22,1033.21 5 1
github.com/ultramozg/golang-blog-engine/app/app.go:1033.21,1034.103 1 1
github.com/ultramozg/golang-blog-engine/app/app.go:1034.103,1036.5 1 1
github.com/ultramozg/golang-blog-engine/app/app.go:1039.3,1039.22 1 1
github.com/ultramozg/golang-blog-engine/app/app.go:1039.22,1040.85 1 1
github.com/ultramozg/golang-blog-engine/app/app.go:1040.85,1042.5 1 1
github.com/ultramozg/golang-blog-engine/app/app.go:1046.3,1047.17 2 1
github.com/ultramozg/golang-blog-engine/app/app.go:1047.17,1050.4 2 0
github.com/ultramozg/golang-blog-engine/app/app.go:1053.3,1067.30 4 1
github.com/ultramozg/golang-blog-engine/app/app.go:1067.30,1077.4 1 1
github.com/ultramozg/golang-blog-engine/app/app.go:1079.3,1085.61 2 1
github.com/ultramozg/golang-blog-engine/app/app.go:1085.61,1088.4 2 0
github.com/ultramozg/golang-blog-engine/app/app.go:1090.10,1092.9 2 0
github.com/ultramozg/golang-blog-engine/app/app.go:1097.67,1102.91 2 1
github.com/ultramozg/golang-blog-engine/app/app.go:1102.91,1108.17 3 1
github.com/ultramozg/golang-blog-engine/app/app.go:1108.17,1111.4 2 0
github.com/ultramozg/golang-blog-engine/app/app.go:1112.3,1114.18 2 1
github.com/ultramozg/golang-blog-engine/app/app.go:1114.18,1120.111 5 1
github.com/ultramozg/golang-blog-engine/app/app.go:1120.111,1123.5 2 0
github.com/ultramozg/golang-blog-engine/app/app.go:1126.4,1126.15 1 1
github.com/ultramozg/golang-blog-engine/app/app.go:1126.15,1128.41 2 1
github.com/ultramozg/golang-blog-engine/app/app.go:1128.41,1130.6 1 1
github.com/ultramozg/golang-blog-engine/app/app.go:1133.5,1137.53 3 1
github.com/ultramozg/golang-blog-engine/app/app.go:1137.53,1140.6 1 0
github.com/ultramozg/golang-blog-engine/app/app.go:1142.5,1145.38 2 1
github.com/ultramozg/golang-blog-engine/app/app.go:1145.38,1147.6 1 1
github.com/ultramozg/golang-blog-engine/app/app.go:1149.5,1152.21 3 1
github.com/ultramozg/golang-blog-engine/app/app.go:1153.10,1156.5 1 1
github.com/ultramozg/golang-blog-engine/app/app.go:1160.3,1160.15 1 1
github.com/ultramozg/golang-blog-engine/app/app.go:1163.2,1163.40 1 1
github.com/ultramozg/golang-blog-engine/app/app.go:1167.53,1182.26 8 1
github.com/ultramozg/golang-blog-engine/app/app.go:1182.26,1184.3 1 1
github.com/ultramozg/golang-blog-engine/app/app.go:1186.2,1186.21 1 1
github.com/ultramozg/golang-blog-engine/app/app.go:1186.21,1188.3 1 1
github.com/ultramozg/golang-blog-engine/app/app.go:1190.2,1190.18 1 1
github.com/ultramozg/golang-blog-engine/app/app.go:1193.73,1194.18 1 0
github.com/ultramozg/golang-blog-engine/app/app.go:1195.23,1202.66 2 0
github.com/ultramozg/golang-blog-engine/app/app.go:1202.66,1205.4 2 0
github.com/ultramozg/golang-blog-engine/app/app.go:1207.3,1207.25 1 0
github.com/ultramozg/golang-blog-engine/app/app.go:1207.25,1210.4 2 0
github.com/ultramozg/golang-blog-engine/app/app.go:1213.3,1214.17 2 0
github.com/ultramozg/golang-blog-engine/app/app.go:1214.17,1217.4 2 0
github.com/ultramozg/golang-blog-engine/app/app.go:1220.3,1220.26 1 0
github.com/ultramozg/golang-blog-engine/app/app.go:1220.26,1223.4 2 0
github.com/ultramozg/golang-blog-engine/app/app.go:1226.3,1227.17 2 0
github.com/ultramozg/golang-blog-engine/app/app.go:1227.17,1230.4 2 0
github.com/ultramozg/golang-blog-engine/app/app.go:1233.3,1242.61 3 0
github.com/ultramozg/golang-blog-engine/app/app.go:1242.61,1245.4 2 0
github.com/ultramozg/golang-blog-engine/app/app.go:1247.10,1249.9 2 0
github.com/ultramozg/golang-blog-engine/app/app.go:1253.68,1254.18 1 1
github.com/ultramozg/golang-blog-engine/app/app.go:1255.22,1258.17 2 1
github.com/ultramozg/golang-blog-engine/app/app.go:1258.17,1261.4 2 1
github.com/ultramozg/golang-blog-engine/app/app.go:1264.3,1265.17 2 1
github.com/ultramozg/golang-blog-engine/app/app.go:1265.17,1268.4 2 0
github.com/ultramozg/golang-blog-engine/app/app.go:1271.3,1275.48 3 1
github.com/ultramozg/golang-blog-engine/app/app.go:1275.48,1278.4 2 0
github.com/ultramozg/golang-blog-engine/app/app.go:1280.23,1282.9 2 1
github.com/ultramozg/golang-blog-engine/app/app.go:1284.10,1286.9 2 1
github.com/ultramozg/golang-blog-engine/app/app.go:1290.70,1291.18 1 1
github.com/ultramozg/golang-blog-engine/app/app.go:1292.22,1301.55 4 1
github.com/ultramozg/golang-blog-engine/app/app.go:1301.55,1304.4 2 0
github.com/ultramozg/golang-blog-engine/app/app.go:1306.23,1308.9 2 1
github.com/ultramozg/golang-blog-engine/app/app.go:1310.10,1312.9 2 1
github.com/ultramozg/golang-blog-engine/app/app.go:1317.62,1326.16 2 1
github.com/ultramozg/golang-blog-engine/app/app.go:1326.16,1328.3 1 1
github.com/ultramozg/golang-blog-engine/app/app.go:1329.2,1332.18 3 1
github.com/ultramozg/golang-blog-engine/app/app.go:1332.18,1336.17 3 1
github.com/ultramozg/golang-blog-engine/app/app.go:1336.17,1338.4 1 0
github.com/ultramozg/golang-blog-engine/app/app.go:1339.3,1339.30 1 1
github.com/ultramozg/golang-blog-engine/app/app.go:1342.2,1342.19 1 1
github.com/ultramozg/golang-blog-engine/app/app.go:1345.65,1346.71 1 1
github.com/ultramozg/golang-blog-engine/app/app.go:1346.71,1347.92 1 1
github.com/ultramozg/golang-blog-engine/app/app.go:1347.92,1348.35 1 1
github.com/ultramozg/golang-blog-engine/app/app.go:1348.35,1351.5 2 1
github.com/ultramozg/golang-blog-engine/app/app.go:1352.9,1352.110 1 1
github.com/ultramozg/golang-blog-engine/app/app.go:1352.110,1353.32 1 1
github.com/ultramozg/golang-blog-engine/app/app.go:1353.32,1356.5 2 1
github.com/ultramozg/golang-blog-engine/app/app.go:1358.3,1358.20 1 1
github.com/ultramozg/golang-blog-engine/app/config.go:34.26,54.2 1 1
github.com/ultramozg/golang-blog-engine/app/config.go:57.51,58.48 1 1
github.com/ultramozg/golang-blog-engine/app/config.go:58.48,60.3 1 1
github.com/ultramozg/golang-blog-engine/app/config.go:62.2,62.19 1 1
